# JRE version: OpenJDK Runtime Environment (17.0.9) (build 17.0.9+0--11185874)
# Java VM: OpenJDK 64-Bit Server VM (17.0.9+0--11185874, mixed mode, tiered, compressed oops, compressed class ptrs, g1 gc, windows-amd64)
GC Precious Log:
 CPUs: 20 total, 20 available
 Memory: 16125M
 Large Page Support: Disabled
 NUMA Support: Disabled
 Compressed Oops: Enabled (32-bit)
 Heap Region Size: 1M
 Heap Min Capacity: 8M
 Heap Initial Capacity: 252M
 Heap Max Capacity: 2G
 Pre-touch: Disabled
 Parallel Workers: 15
 Concurrent Workers: 4
 Concurrent Refinement Workers: 15
 Periodic GC: Disabled
Heap:
 garbage-first heap   total 297984K, used 196888K [0x0000000080000000, 0x0000000100000000)
  region size 1024K, 137 young (140288K), 2 survivors (2048K)
 Metaspace       used 59253K, committed 59840K, reserved 1114112K
  class space    used 7725K, committed 7936K, reserved 1048576K
GC Heap History (20 events):
Event: 9.176 GC heap before
{Heap before GC invocations=34 (full 0):
 garbage-first heap   total 247808K, used 203578K [0x0000000080000000, 0x0000000100000000)
  region size 1024K, 145 young (148480K), 8 survivors (8192K)
 Metaspace       used 55538K, committed 56000K, reserved 1114112K
  class space    used 7343K, committed 7552K, reserved 1048576K
}
Event: 9.178 GC heap after
{Heap after GC invocations=35 (full 0):
 garbage-first heap   total 247808K, used 57429K [0x0000000080000000, 0x0000000100000000)
  region size 1024K, 6 young (6144K), 6 survivors (6144K)
 Metaspace       used 55538K, committed 56000K, reserved 1114112K
  class space    used 7343K, committed 7552K, reserved 1048576K
}
Event: 9.381 GC heap before
{Heap before GC invocations=35 (full 0):
 garbage-first heap   total 247808K, used 199765K [0x0000000080000000, 0x0000000100000000)
  region size 1024K, 145 young (148480K), 6 survivors (6144K)
 Metaspace       used 55539K, committed 56000K, reserved 1114112K
  class space    used 7343K, committed 7552K, reserved 1048576K
}
Event: 9.383 GC heap after
{Heap after GC invocations=36 (full 0):
 garbage-first heap   total 247808K, used 58255K [0x0000000080000000, 0x0000000100000000)
  region size 1024K, 7 young (7168K), 7 survivors (7168K)
 Metaspace       used 55539K, committed 56000K, reserved 1114112K
  class space    used 7343K, committed 7552K, reserved 1048576K
}
Event: 9.568 GC heap before
{Heap before GC invocations=36 (full 0):
 garbage-first heap   total 247808K, used 199567K [0x0000000080000000, 0x0000000100000000)
  region size 1024K, 145 young (148480K), 7 survivors (7168K)
 Metaspace       used 55540K, committed 56000K, reserved 1114112K
  class space    used 7343K, committed 7552K, reserved 1048576K
}
Event: 9.571 GC heap after
{Heap after GC invocations=37 (full 0):
 garbage-first heap   total 247808K, used 59645K [0x0000000080000000, 0x0000000100000000)
  region size 1024K, 8 young (8192K), 8 survivors (8192K)
 Metaspace       used 55540K, committed 56000K, reserved 1114112K
  class space    used 7343K, committed 7552K, reserved 1048576K
}
Event: 9.771 GC heap before
{Heap before GC invocations=37 (full 0):
 garbage-first heap   total 247808K, used 199933K [0x0000000080000000, 0x0000000100000000)
  region size 1024K, 145 young (148480K), 8 survivors (8192K)
 Metaspace       used 55540K, committed 56000K, reserved 1114112K
  class space    used 7343K, committed 7552K, reserved 1048576K
}
Event: 9.774 GC heap after
{Heap after GC invocations=38 (full 0):
 garbage-first heap   total 247808K, used 60986K [0x0000000080000000, 0x0000000100000000)
  region size 1024K, 9 young (9216K), 9 survivors (9216K)
 Metaspace       used 55540K, committed 56000K, reserved 1114112K
  class space    used 7343K, committed 7552K, reserved 1048576K
}
Event: 10.016 GC heap before
{Heap before GC invocations=38 (full 0):
 garbage-first heap   total 247808K, used 200250K [0x0000000080000000, 0x0000000100000000)
  region size 1024K, 145 young (148480K), 9 survivors (9216K)
 Metaspace       used 55542K, committed 56064K, reserved 1114112K
  class space    used 7343K, committed 7552K, reserved 1048576K
}
Event: 10.019 GC heap after
{Heap after GC invocations=39 (full 0):
 garbage-first heap   total 247808K, used 61466K [0x0000000080000000, 0x0000000100000000)
  region size 1024K, 10 young (10240K), 10 survivors (10240K)
 Metaspace       used 55542K, committed 56064K, reserved 1114112K
  class space    used 7343K, committed 7552K, reserved 1048576K
}
Event: 10.178 GC heap before
{Heap before GC invocations=39 (full 0):
 garbage-first heap   total 247808K, used 199706K [0x0000000080000000, 0x0000000100000000)
  region size 1024K, 145 young (148480K), 10 survivors (10240K)
 Metaspace       used 55543K, committed 56064K, reserved 1114112K
  class space    used 7343K, committed 7552K, reserved 1048576K
}
Event: 10.182 GC heap after
{Heap after GC invocations=40 (full 0):
 garbage-first heap   total 247808K, used 63260K [0x0000000080000000, 0x0000000100000000)
  region size 1024K, 11 young (11264K), 11 survivors (11264K)
 Metaspace       used 55543K, committed 56064K, reserved 1114112K
  class space    used 7343K, committed 7552K, reserved 1048576K
}
Event: 10.303 GC heap before
{Heap before GC invocations=40 (full 0):
 garbage-first heap   total 247808K, used 200476K [0x0000000080000000, 0x0000000100000000)
  region size 1024K, 145 young (148480K), 11 survivors (11264K)
 Metaspace       used 55544K, committed 56064K, reserved 1114112K
  class space    used 7343K, committed 7552K, reserved 1048576K
}
Event: 10.307 GC heap after
{Heap after GC invocations=41 (full 0):
 garbage-first heap   total 247808K, used 64543K [0x0000000080000000, 0x0000000100000000)
  region size 1024K, 11 young (11264K), 11 survivors (11264K)
 Metaspace       used 55544K, committed 56064K, reserved 1114112K
  class space    used 7343K, committed 7552K, reserved 1048576K
}
Event: 10.443 GC heap before
{Heap before GC invocations=41 (full 0):
 garbage-first heap   total 247808K, used 201759K [0x0000000080000000, 0x0000000100000000)
  region size 1024K, 145 young (148480K), 11 survivors (11264K)
 Metaspace       used 55545K, committed 56064K, reserved 1114112K
  class space    used 7343K, committed 7552K, reserved 1048576K
}
Event: 10.447 GC heap after
{Heap after GC invocations=42 (full 0):
 garbage-first heap   total 247808K, used 65927K [0x0000000080000000, 0x0000000100000000)
  region size 1024K, 12 young (12288K), 12 survivors (12288K)
 Metaspace       used 55545K, committed 56064K, reserved 1114112K
  class space    used 7343K, committed 7552K, reserved 1048576K
}
Event: 10.580 GC heap before
{Heap before GC invocations=42 (full 0):
 garbage-first heap   total 247808K, used 202119K [0x0000000080000000, 0x0000000100000000)
  region size 1024K, 145 young (148480K), 12 survivors (12288K)
 Metaspace       used 55546K, committed 56064K, reserved 1114112K
  class space    used 7343K, committed 7552K, reserved 1048576K
}
Event: 10.585 GC heap after
{Heap after GC invocations=43 (full 0):
 garbage-first heap   total 297984K, used 66974K [0x0000000080000000, 0x0000000100000000)
  region size 1024K, 11 young (11264K), 11 survivors (11264K)
 Metaspace       used 55546K, committed 56064K, reserved 1114112K
  class space    used 7343K, committed 7552K, reserved 1048576K
}
Event: 11.215 GC heap before
{Heap before GC invocations=43 (full 0):
 garbage-first heap   total 297984K, used 233886K [0x0000000080000000, 0x0000000100000000)
  region size 1024K, 174 young (178176K), 11 survivors (11264K)
 Metaspace       used 56084K, committed 56576K, reserved 1114112K
  class space    used 7395K, committed 7616K, reserved 1048576K
}
Event: 11.217 GC heap after
{Heap after GC invocations=44 (full 0):
 garbage-first heap   total 297984K, used 54552K [0x0000000080000000, 0x0000000100000000)
  region size 1024K, 2 young (2048K), 2 survivors (2048K)
 Metaspace       used 56084K, committed 56576K, reserved 1114112K
  class space    used 7395K, committed 7616K, reserved 1048576K
}

